<?xml version="1.0" encoding="UTF-8"?>
<!-- Generated by org.testng.reporters.JUnitReportReporter -->
<testsuite hostname="Hasan-MacBook-Pro.local" failures="0" tests="1" name="qa.testcase.ApiTest" time="8.817" errors="0" timestamp="10 Eyl 2020 09:15:29 GMT" skipped="0">
  <testcase classname="qa.testcase.ApiTest" name="categoriesApi" time="8.817"/>
</testsuite> <!-- qa.testcase.ApiTest -->
